1451418233;start;local;8080;;;
1451424331;stop;local;8080;;;
1451424393;start;local;8080;;;
1451424394;stop;local;8080;;;
1451424438;start;local;8080;;;
1451424441;stop;local;8080;;;
1451424444;start;local;8080;;;
1451424493;stop;local;8080;;;
1451424494;start;local;8080;;;
1451424496;stop;local;8080;;;
1451424498;start;local;8080;;;
1451424510;get-s;localhost;GET /test HTTP/1.1;error.html;404;
1451424624;get-s;localhost;test;;400;
1451424626;get-s;localhost;;;400;
1451424627;get-s;localhost;;;400;
1451424789;stop;local;8080;;;
1451424817;start;local;8080;;;
1451424822;get-s;localhost;GET;;400;
1451424880;get-s;localhost;GET /test HTTP/1.1;error.html;404;
1451424891;stop;local;8080;;;
1451424892;start;local;8080;;;
1451424898;get-s;localhost;GET /test HTTP/1.1;error.html;404;
1451424910;get-s;localhost;GET test HTTP/1.1;error.html;404;
1451424930;get-s;localhost;GET /var/www/index.html;;400;
1451424939;get-s;localhost;GET /index.html;;400;
1451424960;get-s;localhost;GET /index.html HTTP/1.1;error.html;404;
1451425830;get-s;localhost;;;400;
1451425832;get-s;localhost;;;400;
1451425840;get-s;localhost;;;400;
1451426582;get-s;localhost;;;503;
1451426648;stop;local;8080;;;
1451426654;start;local;8080;;;
1451426667;get-s;localhost;GET /var/www HTTP/1.1;error.html;404;
1451426686;get-s;localhost;;;503;
1451426704;get-s;localhost;GET /test HTTP/1.1;error.html;404;
1451426714;get-s;localhost;GET /test/ HTTP/1.1;error.html;404;
1451426844;stop;local;8080;;;
1451426847;start;local;8080;;;
1451426900;stop;local;8080;;;
1451426901;start;local;8080;;;
1451426935;get-s;localhost;;;400;
1451426936;get-s;localhost;;;400;
1451426963;stop;local;8080;;;
1451426964;start;local;8080;;;
1451426976;get-s;localhost;GET /test HTTP/1.1;error.html;404;
1451427156;get-s;localhost;;;400;
1451427158;get-s;localhost;;;400;
1451427798;stop;local;8080;;;
1451427800;start;local;8080;;;
1451427809;get-s;localhost;GET /test HTTP/1.1;error.html;404;
1451427877;stop;local;8080;;;
1451427879;start;local;8080;;;
1451427887;get-s;localhost;GET /test HTTP/1.1;error.html;404;
1451427900;get-s;localhost;GET /test/ HTTP/1.1;error.html;404;
1451427913;get-s;localhost;GET /var/www/test HTTP/1.1;error.html;404;
1451427924;get-s;localhost;GET /var/www/test/ HTTP/1.1;error.html;404;
1451427939;get-s;localhost;GET /var/www/index.html HTTP/1.1;error.html;404;
